  Application.cpp
C:\Users\didac\Documents\GitHub\Altered-Beast\Juego Definitivo\Project_9_Solution\Source\Animation.h(59,19): warning C4244: 'inicializando': conversión de 'const float' a 'int'; posible pérdida de datos
C:\Users\didac\Documents\GitHub\Altered-Beast\Juego Definitivo\Project_9_Solution\Source\Animation.h(61,30): warning C4244: '=': conversión de 'float' a 'int'; posible pérdida de datos
  Boss_Head.cpp
C:\Users\didac\Documents\GitHub\Altered-Beast\Juego Definitivo\Project_9_Solution\Source\Animation.h(59,19): warning C4244: 'inicializando': conversión de 'const float' a 'int'; posible pérdida de datos
C:\Users\didac\Documents\GitHub\Altered-Beast\Juego Definitivo\Project_9_Solution\Source\Animation.h(61,30): warning C4244: '=': conversión de 'float' a 'int'; posible pérdida de datos
C:\Users\didac\Documents\GitHub\Altered-Beast\Juego Definitivo\Project_9_Solution\Source\Boss_Head.cpp(42,16): warning C4244: 'inicializando': conversión de '_Rep' a 'unsigned int'; posible pérdida de datos
          with
          [
              _Rep=__int64
          ]
  Columns.cpp
C:\Users\didac\Documents\GitHub\Altered-Beast\Juego Definitivo\Project_9_Solution\Source\Animation.h(59,19): warning C4244: 'inicializando': conversión de 'const float' a 'int'; posible pérdida de datos
C:\Users\didac\Documents\GitHub\Altered-Beast\Juego Definitivo\Project_9_Solution\Source\Animation.h(61,30): warning C4244: '=': conversión de 'float' a 'int'; posible pérdida de datos
  Enemy_Boss.cpp
C:\Users\didac\Documents\GitHub\Altered-Beast\Juego Definitivo\Project_9_Solution\Source\Animation.h(59,19): warning C4244: 'inicializando': conversión de 'const float' a 'int'; posible pérdida de datos
C:\Users\didac\Documents\GitHub\Altered-Beast\Juego Definitivo\Project_9_Solution\Source\Animation.h(61,30): warning C4244: '=': conversión de 'float' a 'int'; posible pérdida de datos
  Enemy_Dragon.cpp
C:\Users\didac\Documents\GitHub\Altered-Beast\Juego Definitivo\Project_9_Solution\Source\Animation.h(59,19): warning C4244: 'inicializando': conversión de 'const float' a 'int'; posible pérdida de datos
C:\Users\didac\Documents\GitHub\Altered-Beast\Juego Definitivo\Project_9_Solution\Source\Animation.h(61,30): warning C4244: '=': conversión de 'float' a 'int'; posible pérdida de datos
  Enemy_NoSkull.cpp
C:\Users\didac\Documents\GitHub\Altered-Beast\Juego Definitivo\Project_9_Solution\Source\Animation.h(59,19): warning C4244: 'inicializando': conversión de 'const float' a 'int'; posible pérdida de datos
C:\Users\didac\Documents\GitHub\Altered-Beast\Juego Definitivo\Project_9_Solution\Source\Animation.h(61,30): warning C4244: '=': conversión de 'float' a 'int'; posible pérdida de datos
  Enemy_Orco.cpp
C:\Users\didac\Documents\GitHub\Altered-Beast\Juego Definitivo\Project_9_Solution\Source\Animation.h(59,19): warning C4244: 'inicializando': conversión de 'const float' a 'int'; posible pérdida de datos
C:\Users\didac\Documents\GitHub\Altered-Beast\Juego Definitivo\Project_9_Solution\Source\Animation.h(61,30): warning C4244: '=': conversión de 'float' a 'int'; posible pérdida de datos
  Enemy_Wolf.cpp
C:\Users\didac\Documents\GitHub\Altered-Beast\Juego Definitivo\Project_9_Solution\Source\Animation.h(59,19): warning C4244: 'inicializando': conversión de 'const float' a 'int'; posible pérdida de datos
C:\Users\didac\Documents\GitHub\Altered-Beast\Juego Definitivo\Project_9_Solution\Source\Animation.h(61,30): warning C4244: '=': conversión de 'float' a 'int'; posible pérdida de datos
  Enemy_Wolf_Blue.cpp
C:\Users\didac\Documents\GitHub\Altered-Beast\Juego Definitivo\Project_9_Solution\Source\Animation.h(59,19): warning C4244: 'inicializando': conversión de 'const float' a 'int'; posible pérdida de datos
C:\Users\didac\Documents\GitHub\Altered-Beast\Juego Definitivo\Project_9_Solution\Source\Animation.h(61,30): warning C4244: '=': conversión de 'float' a 'int'; posible pérdida de datos
  Enemy_Zombie.cpp
C:\Users\didac\Documents\GitHub\Altered-Beast\Juego Definitivo\Project_9_Solution\Source\Animation.h(59,19): warning C4244: 'inicializando': conversión de 'const float' a 'int'; posible pérdida de datos
C:\Users\didac\Documents\GitHub\Altered-Beast\Juego Definitivo\Project_9_Solution\Source\Animation.h(61,30): warning C4244: '=': conversión de 'float' a 'int'; posible pérdida de datos
  ModulePlayer.cpp
C:\Users\didac\Documents\GitHub\Altered-Beast\Juego Definitivo\Project_9_Solution\Source\Animation.h(59,19): warning C4244: 'inicializando': conversión de 'const float' a 'int'; posible pérdida de datos
C:\Users\didac\Documents\GitHub\Altered-Beast\Juego Definitivo\Project_9_Solution\Source\Animation.h(61,30): warning C4244: '=': conversión de 'float' a 'int'; posible pérdida de datos
C:\Users\didac\Documents\GitHub\Altered-Beast\Juego Definitivo\Project_9_Solution\Source\ModulePlayer.cpp(741,61): warning C4244: 'argumento': conversión de 'int' a 'float'; posible pérdida de datos
  SceneIntro.cpp
C:\Users\didac\Documents\GitHub\Altered-Beast\Juego Definitivo\Project_9_Solution\Source\Animation.h(59,19): warning C4244: 'inicializando': conversión de 'const float' a 'int'; posible pérdida de datos
C:\Users\didac\Documents\GitHub\Altered-Beast\Juego Definitivo\Project_9_Solution\Source\Animation.h(61,30): warning C4244: '=': conversión de 'float' a 'int'; posible pérdida de datos
  SceneLevel1.cpp
C:\Users\didac\Documents\GitHub\Altered-Beast\Juego Definitivo\Project_9_Solution\Source\Animation.h(59,19): warning C4244: 'inicializando': conversión de 'const float' a 'int'; posible pérdida de datos
C:\Users\didac\Documents\GitHub\Altered-Beast\Juego Definitivo\Project_9_Solution\Source\Animation.h(61,30): warning C4244: '=': conversión de 'float' a 'int'; posible pérdida de datos
  Spirit_Ball.cpp
C:\Users\didac\Documents\GitHub\Altered-Beast\Juego Definitivo\Project_9_Solution\Source\Animation.h(59,19): warning C4244: 'inicializando': conversión de 'const float' a 'int'; posible pérdida de datos
C:\Users\didac\Documents\GitHub\Altered-Beast\Juego Definitivo\Project_9_Solution\Source\Animation.h(61,30): warning C4244: '=': conversión de 'float' a 'int'; posible pérdida de datos
  Generando código...
  Project_9_Solution.vcxproj -> C:\Users\didac\Documents\GitHub\Altered-Beast\Juego Definitivo\Debug\Project_9_Solution.exe
