c:\users\didacgp\desktop\spritesdl-master\altered-beast\juego definitivo\project_9_solution\source\release\vc142.pdb
c:\users\didac\documents\github\altered-beast\juego definitivo\project_9_solution\source\release\vc142.pdb
c:\users\didac\documents\github\altered-beast\juego definitivo\project_9_solution\source\release\modulerender.obj
c:\users\didac\documents\github\altered-beast\juego definitivo\project_9_solution\source\release\moduleplayer.obj
c:\users\didac\documents\github\altered-beast\juego definitivo\project_9_solution\source\release\moduleinput.obj
c:\users\didac\documents\github\altered-beast\juego definitivo\project_9_solution\source\release\scenelevel1.obj
c:\users\didac\documents\github\altered-beast\juego definitivo\project_9_solution\source\release\sceneintro.obj
c:\users\didac\documents\github\altered-beast\juego definitivo\project_9_solution\source\release\moduleparticles.obj
c:\users\didac\documents\github\altered-beast\juego definitivo\project_9_solution\source\release\modulefonts.obj
c:\users\didac\documents\github\altered-beast\juego definitivo\project_9_solution\source\release\modulefadetoblack.obj
c:\users\didac\documents\github\altered-beast\juego definitivo\project_9_solution\source\release\moduleenemies.obj
c:\users\didac\documents\github\altered-beast\juego definitivo\project_9_solution\source\release\modulecollisions.obj
c:\users\didac\documents\github\altered-beast\juego definitivo\project_9_solution\source\release\moduleaudio.obj
c:\users\didac\documents\github\altered-beast\juego definitivo\project_9_solution\source\release\initialscreen.obj
c:\users\didac\documents\github\altered-beast\juego definitivo\project_9_solution\source\release\globals.obj
c:\users\didac\documents\github\altered-beast\juego definitivo\project_9_solution\source\release\enemy_zombie.obj
c:\users\didac\documents\github\altered-beast\juego definitivo\project_9_solution\source\release\enemy_wolf_blue.obj
c:\users\didac\documents\github\altered-beast\juego definitivo\project_9_solution\source\release\enemy_noskull.obj
c:\users\didac\documents\github\altered-beast\juego definitivo\project_9_solution\source\release\enemy_dragon.obj
c:\users\didac\documents\github\altered-beast\juego definitivo\project_9_solution\source\release\enemy.obj
c:\users\didac\documents\github\altered-beast\juego definitivo\project_9_solution\source\release\collider.obj
c:\users\didac\documents\github\altered-beast\juego definitivo\project_9_solution\source\release\application.obj
c:\users\didac\documents\github\altered-beast\juego definitivo\project_9_solution\source\release\enemy_wolf.obj
c:\users\didac\documents\github\altered-beast\juego definitivo\project_9_solution\source\release\spirit_ball.obj
c:\users\didac\documents\github\altered-beast\juego definitivo\project_9_solution\source\release\path.obj
c:\users\didac\documents\github\altered-beast\juego definitivo\project_9_solution\source\release\particle.obj
c:\users\didac\documents\github\altered-beast\juego definitivo\project_9_solution\source\release\module.obj
c:\users\didac\documents\github\altered-beast\juego definitivo\project_9_solution\source\release\main.obj
c:\users\didac\documents\github\altered-beast\juego definitivo\project_9_solution\source\release\modulewindow.obj
c:\users\didac\documents\github\altered-beast\juego definitivo\project_9_solution\source\release\moduletextures.obj
c:\users\didac\documents\github\altered-beast\juego definitivo\project_9_solution\source\release\enemy_brownship.obj
c:\users\didac\documents\github\altered-beast\juego definitivo\project_9_solution\source\release\enemy_mech.obj
c:\users\didac\documents\github\altered-beast\juego definitivo\project_9_solution\source\release\enemy_redbird.obj
c:\users\didac\documents\github\altered-beast\juego definitivo\project_9_solution\source\release\project_9_solution.ipdb
c:\users\didac\documents\github\altered-beast\juego definitivo\project_9_solution\source\release\project_9_solution.iobj
c:\users\didac\documents\github\altered-beast\juego definitivo\release\project_9_solution.pdb
c:\users\didac\documents\github\altered-beast\juego definitivo\project_9_solution\source\release\project_.f00b105c.tlog\cl.command.1.tlog
c:\users\didac\documents\github\altered-beast\juego definitivo\project_9_solution\source\release\project_.f00b105c.tlog\cl.read.1.tlog
c:\users\didac\documents\github\altered-beast\juego definitivo\project_9_solution\source\release\project_.f00b105c.tlog\cl.write.1.tlog
c:\users\didac\documents\github\altered-beast\juego definitivo\project_9_solution\source\release\project_.f00b105c.tlog\link.command.1.tlog
c:\users\didac\documents\github\altered-beast\juego definitivo\project_9_solution\source\release\project_.f00b105c.tlog\link.read.1.tlog
c:\users\didac\documents\github\altered-beast\juego definitivo\project_9_solution\source\release\project_.f00b105c.tlog\link.write.1.tlog
